CRITICAL - 2021-02-01 06:43:21 --> Invalid file: layout.php
#0 /Applications/MAMP/htdocs/zp_rangpur_web_class/class_34/system/View/View.php(203): CodeIgniter\Exceptions\FrameworkException::forInvalidFile('layout.php')
#1 /Applications/MAMP/htdocs/zp_rangpur_web_class/class_34/system/Common.php(1217): CodeIgniter\View\View->render('layout', Array, true)
#2 /Applications/MAMP/htdocs/zp_rangpur_web_class/class_34/app/Controllers/Home.php(9): view('layout')
#3 /Applications/MAMP/htdocs/zp_rangpur_web_class/class_34/system/CodeIgniter.php(936): App\Controllers\Home->index()
#4 /Applications/MAMP/htdocs/zp_rangpur_web_class/class_34/system/CodeIgniter.php(432): CodeIgniter\CodeIgniter->runController(Object(App\Controllers\Home))
#5 /Applications/MAMP/htdocs/zp_rangpur_web_class/class_34/system/CodeIgniter.php(333): CodeIgniter\CodeIgniter->handleRequest(NULL, Object(Config\Cache), false)
#6 /Applications/MAMP/htdocs/zp_rangpur_web_class/class_34/public/index.php(44): CodeIgniter\CodeIgniter->run()
#7 {main}
CRITICAL - 2021-02-01 07:14:31 --> Class 'App\Controllers\Admin\BaseController' not found
#0 /Applications/MAMP/htdocs/zp_rangpur_web_class/class_34/system/Router/Router.php(562): include_once()
#1 /Applications/MAMP/htdocs/zp_rangpur_web_class/class_34/system/Router/Router.php(170): CodeIgniter\Router\Router->autoRoute('admin/slider')
#2 /Applications/MAMP/htdocs/zp_rangpur_web_class/class_34/system/CodeIgniter.php(816): CodeIgniter\Router\Router->handle('admin/slider')
#3 /Applications/MAMP/htdocs/zp_rangpur_web_class/class_34/system/CodeIgniter.php(385): CodeIgniter\CodeIgniter->tryToRouteIt(Object(CodeIgniter\Router\RouteCollection))
#4 /Applications/MAMP/htdocs/zp_rangpur_web_class/class_34/system/CodeIgniter.php(333): CodeIgniter\CodeIgniter->handleRequest(NULL, Object(Config\Cache), false)
#5 /Applications/MAMP/htdocs/zp_rangpur_web_class/class_34/public/index.php(44): CodeIgniter\CodeIgniter->run()
#6 {main}
CRITICAL - 2021-02-01 07:14:46 --> Class 'App\Controllers\admin\BaseController' not found
#0 /Applications/MAMP/htdocs/zp_rangpur_web_class/class_34/system/Router/Router.php(562): include_once()
#1 /Applications/MAMP/htdocs/zp_rangpur_web_class/class_34/system/Router/Router.php(170): CodeIgniter\Router\Router->autoRoute('admin/slider')
#2 /Applications/MAMP/htdocs/zp_rangpur_web_class/class_34/system/CodeIgniter.php(816): CodeIgniter\Router\Router->handle('admin/slider')
#3 /Applications/MAMP/htdocs/zp_rangpur_web_class/class_34/system/CodeIgniter.php(385): CodeIgniter\CodeIgniter->tryToRouteIt(Object(CodeIgniter\Router\RouteCollection))
#4 /Applications/MAMP/htdocs/zp_rangpur_web_class/class_34/system/CodeIgniter.php(333): CodeIgniter\CodeIgniter->handleRequest(NULL, Object(Config\Cache), false)
#5 /Applications/MAMP/htdocs/zp_rangpur_web_class/class_34/public/index.php(44): CodeIgniter\CodeIgniter->run()
#6 {main}
CRITICAL - 2021-02-01 07:15:07 --> Class 'App\Controllers\admin\Controller' not found
#0 /Applications/MAMP/htdocs/zp_rangpur_web_class/class_34/system/Router/Router.php(562): include_once()
#1 /Applications/MAMP/htdocs/zp_rangpur_web_class/class_34/system/Router/Router.php(170): CodeIgniter\Router\Router->autoRoute('admin/slider')
#2 /Applications/MAMP/htdocs/zp_rangpur_web_class/class_34/system/CodeIgniter.php(816): CodeIgniter\Router\Router->handle('admin/slider')
#3 /Applications/MAMP/htdocs/zp_rangpur_web_class/class_34/system/CodeIgniter.php(385): CodeIgniter\CodeIgniter->tryToRouteIt(Object(CodeIgniter\Router\RouteCollection))
#4 /Applications/MAMP/htdocs/zp_rangpur_web_class/class_34/system/CodeIgniter.php(333): CodeIgniter\CodeIgniter->handleRequest(NULL, Object(Config\Cache), false)
#5 /Applications/MAMP/htdocs/zp_rangpur_web_class/class_34/public/index.php(44): CodeIgniter\CodeIgniter->run()
#6 {main}
CRITICAL - 2021-02-01 07:15:29 --> Class 'App\Controllers\Admin\BaseController' not found
#0 /Applications/MAMP/htdocs/zp_rangpur_web_class/class_34/system/Router/Router.php(562): include_once()
#1 /Applications/MAMP/htdocs/zp_rangpur_web_class/class_34/system/Router/Router.php(170): CodeIgniter\Router\Router->autoRoute('admin/slider')
#2 /Applications/MAMP/htdocs/zp_rangpur_web_class/class_34/system/CodeIgniter.php(816): CodeIgniter\Router\Router->handle('admin/slider')
#3 /Applications/MAMP/htdocs/zp_rangpur_web_class/class_34/system/CodeIgniter.php(385): CodeIgniter\CodeIgniter->tryToRouteIt(Object(CodeIgniter\Router\RouteCollection))
#4 /Applications/MAMP/htdocs/zp_rangpur_web_class/class_34/system/CodeIgniter.php(333): CodeIgniter\CodeIgniter->handleRequest(NULL, Object(Config\Cache), false)
#5 /Applications/MAMP/htdocs/zp_rangpur_web_class/class_34/public/index.php(44): CodeIgniter\CodeIgniter->run()
#6 {main}
CRITICAL - 2021-02-01 07:15:47 --> Class 'App\Controllers\Admin\BaseController' not found
#0 /Applications/MAMP/htdocs/zp_rangpur_web_class/class_34/system/Router/Router.php(562): include_once()
#1 /Applications/MAMP/htdocs/zp_rangpur_web_class/class_34/system/Router/Router.php(170): CodeIgniter\Router\Router->autoRoute('admin/slider')
#2 /Applications/MAMP/htdocs/zp_rangpur_web_class/class_34/system/CodeIgniter.php(816): CodeIgniter\Router\Router->handle('admin/slider')
#3 /Applications/MAMP/htdocs/zp_rangpur_web_class/class_34/system/CodeIgniter.php(385): CodeIgniter\CodeIgniter->tryToRouteIt(Object(CodeIgniter\Router\RouteCollection))
#4 /Applications/MAMP/htdocs/zp_rangpur_web_class/class_34/system/CodeIgniter.php(333): CodeIgniter\CodeIgniter->handleRequest(NULL, Object(Config\Cache), false)
#5 /Applications/MAMP/htdocs/zp_rangpur_web_class/class_34/public/index.php(44): CodeIgniter\CodeIgniter->run()
#6 {main}
CRITICAL - 2021-02-01 07:16:04 --> Namespace declaration statement has to be the very first statement or after any declare call in the script
#0 [internal function]: CodeIgniter\Debug\Exceptions->shutdownHandler()
#1 {main}
CRITICAL - 2021-02-01 07:16:12 --> Class 'App\Controllers\Admin\BaseController' not found
#0 /Applications/MAMP/htdocs/zp_rangpur_web_class/class_34/system/Router/Router.php(562): include_once()
#1 /Applications/MAMP/htdocs/zp_rangpur_web_class/class_34/system/Router/Router.php(170): CodeIgniter\Router\Router->autoRoute('admin/slider')
#2 /Applications/MAMP/htdocs/zp_rangpur_web_class/class_34/system/CodeIgniter.php(816): CodeIgniter\Router\Router->handle('admin/slider')
#3 /Applications/MAMP/htdocs/zp_rangpur_web_class/class_34/system/CodeIgniter.php(385): CodeIgniter\CodeIgniter->tryToRouteIt(Object(CodeIgniter\Router\RouteCollection))
#4 /Applications/MAMP/htdocs/zp_rangpur_web_class/class_34/system/CodeIgniter.php(333): CodeIgniter\CodeIgniter->handleRequest(NULL, Object(Config\Cache), false)
#5 /Applications/MAMP/htdocs/zp_rangpur_web_class/class_34/public/index.php(44): CodeIgniter\CodeIgniter->run()
#6 {main}
CRITICAL - 2021-02-01 07:16:41 --> Class 'App\Controllers\Admin\BaseController' not found
#0 /Applications/MAMP/htdocs/zp_rangpur_web_class/class_34/system/Router/Router.php(562): include_once()
#1 /Applications/MAMP/htdocs/zp_rangpur_web_class/class_34/system/Router/Router.php(170): CodeIgniter\Router\Router->autoRoute('admin/slider')
#2 /Applications/MAMP/htdocs/zp_rangpur_web_class/class_34/system/CodeIgniter.php(816): CodeIgniter\Router\Router->handle('admin/slider')
#3 /Applications/MAMP/htdocs/zp_rangpur_web_class/class_34/system/CodeIgniter.php(385): CodeIgniter\CodeIgniter->tryToRouteIt(Object(CodeIgniter\Router\RouteCollection))
#4 /Applications/MAMP/htdocs/zp_rangpur_web_class/class_34/system/CodeIgniter.php(333): CodeIgniter\CodeIgniter->handleRequest(NULL, Object(Config\Cache), false)
#5 /Applications/MAMP/htdocs/zp_rangpur_web_class/class_34/public/index.php(44): CodeIgniter\CodeIgniter->run()
#6 {main}
CRITICAL - 2021-02-01 07:16:55 --> Class 'App\Controllers\Admin\BaseController' not found
#0 /Applications/MAMP/htdocs/zp_rangpur_web_class/class_34/system/Router/Router.php(562): include_once()
#1 /Applications/MAMP/htdocs/zp_rangpur_web_class/class_34/system/Router/Router.php(170): CodeIgniter\Router\Router->autoRoute('admin/slider')
#2 /Applications/MAMP/htdocs/zp_rangpur_web_class/class_34/system/CodeIgniter.php(816): CodeIgniter\Router\Router->handle('admin/slider')
#3 /Applications/MAMP/htdocs/zp_rangpur_web_class/class_34/system/CodeIgniter.php(385): CodeIgniter\CodeIgniter->tryToRouteIt(Object(CodeIgniter\Router\RouteCollection))
#4 /Applications/MAMP/htdocs/zp_rangpur_web_class/class_34/system/CodeIgniter.php(333): CodeIgniter\CodeIgniter->handleRequest(NULL, Object(Config\Cache), false)
#5 /Applications/MAMP/htdocs/zp_rangpur_web_class/class_34/public/index.php(44): CodeIgniter\CodeIgniter->run()
#6 {main}
CRITICAL - 2021-02-01 07:17:02 --> Class 'App\Controllers\Admin\BaseController' not found
#0 /Applications/MAMP/htdocs/zp_rangpur_web_class/class_34/system/Router/Router.php(562): include_once()
#1 /Applications/MAMP/htdocs/zp_rangpur_web_class/class_34/system/Router/Router.php(170): CodeIgniter\Router\Router->autoRoute('admin/slider')
#2 /Applications/MAMP/htdocs/zp_rangpur_web_class/class_34/system/CodeIgniter.php(816): CodeIgniter\Router\Router->handle('admin/slider')
#3 /Applications/MAMP/htdocs/zp_rangpur_web_class/class_34/system/CodeIgniter.php(385): CodeIgniter\CodeIgniter->tryToRouteIt(Object(CodeIgniter\Router\RouteCollection))
#4 /Applications/MAMP/htdocs/zp_rangpur_web_class/class_34/system/CodeIgniter.php(333): CodeIgniter\CodeIgniter->handleRequest(NULL, Object(Config\Cache), false)
#5 /Applications/MAMP/htdocs/zp_rangpur_web_class/class_34/public/index.php(44): CodeIgniter\CodeIgniter->run()
#6 {main}
CRITICAL - 2021-02-01 07:18:16 --> syntax error, unexpected '.', expecting identifier (T_STRING) or namespace (T_NAMESPACE) or \\ (T_NS_SEPARATOR)
#0 /Applications/MAMP/htdocs/zp_rangpur_web_class/class_34/system/Router/Router.php(170): CodeIgniter\Router\Router->autoRoute('admin/slider')
#1 /Applications/MAMP/htdocs/zp_rangpur_web_class/class_34/system/CodeIgniter.php(816): CodeIgniter\Router\Router->handle('admin/slider')
#2 /Applications/MAMP/htdocs/zp_rangpur_web_class/class_34/system/CodeIgniter.php(385): CodeIgniter\CodeIgniter->tryToRouteIt(Object(CodeIgniter\Router\RouteCollection))
#3 /Applications/MAMP/htdocs/zp_rangpur_web_class/class_34/system/CodeIgniter.php(333): CodeIgniter\CodeIgniter->handleRequest(NULL, Object(Config\Cache), false)
#4 /Applications/MAMP/htdocs/zp_rangpur_web_class/class_34/public/index.php(44): CodeIgniter\CodeIgniter->run()
#5 {main}
CRITICAL - 2021-02-01 07:21:40 --> Class 'App\Controllers\Base\BaseController' not found
#0 /Applications/MAMP/htdocs/zp_rangpur_web_class/class_34/system/Router/Router.php(562): include_once()
#1 /Applications/MAMP/htdocs/zp_rangpur_web_class/class_34/system/Router/Router.php(170): CodeIgniter\Router\Router->autoRoute('admin/slider')
#2 /Applications/MAMP/htdocs/zp_rangpur_web_class/class_34/system/CodeIgniter.php(816): CodeIgniter\Router\Router->handle('admin/slider')
#3 /Applications/MAMP/htdocs/zp_rangpur_web_class/class_34/system/CodeIgniter.php(385): CodeIgniter\CodeIgniter->tryToRouteIt(Object(CodeIgniter\Router\RouteCollection))
#4 /Applications/MAMP/htdocs/zp_rangpur_web_class/class_34/system/CodeIgniter.php(333): CodeIgniter\CodeIgniter->handleRequest(NULL, Object(Config\Cache), false)
#5 /Applications/MAMP/htdocs/zp_rangpur_web_class/class_34/public/index.php(44): CodeIgniter\CodeIgniter->run()
#6 {main}
ERROR - 2021-02-01 07:54:03 --> mysqli_sql_exception: Unknown column 'student_id' in 'where clause' in /Applications/MAMP/htdocs/zp_rangpur_web_class/class_34/system/Database/MySQLi/Connection.php:314
Stack trace:
#0 /Applications/MAMP/htdocs/zp_rangpur_web_class/class_34/system/Database/MySQLi/Connection.php(314): mysqli->query('SELECT *\nFROM `...')
#1 /Applications/MAMP/htdocs/zp_rangpur_web_class/class_34/system/Database/BaseConnection.php(713): CodeIgniter\Database\MySQLi\Connection->execute('SELECT *\nFROM `...')
#2 /Applications/MAMP/htdocs/zp_rangpur_web_class/class_34/system/Database/BaseConnection.php(641): CodeIgniter\Database\BaseConnection->simpleQuery('SELECT *\nFROM `...')
#3 /Applications/MAMP/htdocs/zp_rangpur_web_class/class_34/system/Database/BaseBuilder.php(1866): CodeIgniter\Database\BaseConnection->query('SELECT *\nFROM `...', Array, false)
#4 /Applications/MAMP/htdocs/zp_rangpur_web_class/class_34/system/Model.php(247): CodeIgniter\Database\BaseBuilder->get()
#5 /Applications/MAMP/htdocs/zp_rangpur_web_class/class_34/system/BaseModel.php(624): CodeIgniter\Model->doFirst()
#6 /Applications/MAMP/htdocs/zp_rangpur_web_class/class_34/app/Controllers/Admin/Slider.php(38): CodeIgniter\BaseModel->first()
#7 /Applications/MAMP/htdocs/zp_rangpur_web_class/class_34/system/CodeIgniter.php(936): App\Controllers\Admin\Slider->edit('2')
#8 /Applications/MAMP/htdocs/zp_rangpur_web_class/class_34/system/CodeIgniter.php(432): CodeIgniter\CodeIgniter->runController(Object(App\Controllers\Admin\Slider))
#9 /Applications/MAMP/htdocs/zp_rangpur_web_class/class_34/system/CodeIgniter.php(333): CodeIgniter\CodeIgniter->handleRequest(NULL, Object(Config\Cache), false)
#10 /Applications/MAMP/htdocs/zp_rangpur_web_class/class_34/public/index.php(44): CodeIgniter\CodeIgniter->run()
#11 {main}
CRITICAL - 2021-02-01 07:59:28 --> The original file is not a valid file.
#0 /Applications/MAMP/htdocs/zp_rangpur_web_class/class_34/system/HTTP/Files/UploadedFile.php(143): CodeIgniter\HTTP\Exceptions\HTTPException::forInvalidFile()
#1 /Applications/MAMP/htdocs/zp_rangpur_web_class/class_34/app/Controllers/Admin/Slider.php(61): CodeIgniter\HTTP\Files\UploadedFile->move('uploads/img/', '1612187968_27c6...')
#2 /Applications/MAMP/htdocs/zp_rangpur_web_class/class_34/system/CodeIgniter.php(936): App\Controllers\Admin\Slider->operation('6')
#3 /Applications/MAMP/htdocs/zp_rangpur_web_class/class_34/system/CodeIgniter.php(432): CodeIgniter\CodeIgniter->runController(Object(App\Controllers\Admin\Slider))
#4 /Applications/MAMP/htdocs/zp_rangpur_web_class/class_34/system/CodeIgniter.php(333): CodeIgniter\CodeIgniter->handleRequest(NULL, Object(Config\Cache), false)
#5 /Applications/MAMP/htdocs/zp_rangpur_web_class/class_34/public/index.php(44): CodeIgniter\CodeIgniter->run()
#6 {main}
CRITICAL - 2021-02-01 07:59:59 --> The original file is not a valid file.
#0 /Applications/MAMP/htdocs/zp_rangpur_web_class/class_34/system/HTTP/Files/UploadedFile.php(143): CodeIgniter\HTTP\Exceptions\HTTPException::forInvalidFile()
#1 /Applications/MAMP/htdocs/zp_rangpur_web_class/class_34/app/Controllers/Admin/Slider.php(67): CodeIgniter\HTTP\Files\UploadedFile->move('uploads/img/', '1612187999_5e37...')
#2 /Applications/MAMP/htdocs/zp_rangpur_web_class/class_34/system/CodeIgniter.php(936): App\Controllers\Admin\Slider->operation('6')
#3 /Applications/MAMP/htdocs/zp_rangpur_web_class/class_34/system/CodeIgniter.php(432): CodeIgniter\CodeIgniter->runController(Object(App\Controllers\Admin\Slider))
#4 /Applications/MAMP/htdocs/zp_rangpur_web_class/class_34/system/CodeIgniter.php(333): CodeIgniter\CodeIgniter->handleRequest(NULL, Object(Config\Cache), false)
#5 /Applications/MAMP/htdocs/zp_rangpur_web_class/class_34/public/index.php(44): CodeIgniter\CodeIgniter->run()
#6 {main}
