CRITICAL - 2021-02-03 06:47:06 --> syntax error, unexpected '_' (T_STRING)
#0 /Applications/MAMP/htdocs/zp_rangpur_web_class/class_35/system/Autoloader/Autoloader.php(265): CodeIgniter\Autoloader\Autoloader->includeFile('/Applications/M...')
#1 /Applications/MAMP/htdocs/zp_rangpur_web_class/class_35/system/Autoloader/Autoloader.php(228): CodeIgniter\Autoloader\Autoloader->loadInNamespace('App\\Controllers...')
#2 [internal function]: CodeIgniter\Autoloader\Autoloader->loadClass('App\\Controllers...')
#3 [internal function]: spl_autoload_call('App\\Controllers...')
#4 /Applications/MAMP/htdocs/zp_rangpur_web_class/class_35/system/CodeIgniter.php(893): class_exists('\\App\\Controller...', true)
#5 /Applications/MAMP/htdocs/zp_rangpur_web_class/class_35/system/CodeIgniter.php(417): CodeIgniter\CodeIgniter->startController()
#6 /Applications/MAMP/htdocs/zp_rangpur_web_class/class_35/system/CodeIgniter.php(333): CodeIgniter\CodeIgniter->handleRequest(NULL, Object(Config\Cache), false)
#7 /Applications/MAMP/htdocs/zp_rangpur_web_class/class_35/public/index.php(44): CodeIgniter\CodeIgniter->run()
#8 {main}
CRITICAL - 2021-02-03 06:47:30 --> syntax error, unexpected '_' (T_STRING)
#0 /Applications/MAMP/htdocs/zp_rangpur_web_class/class_35/system/Autoloader/Autoloader.php(265): CodeIgniter\Autoloader\Autoloader->includeFile('/Applications/M...')
#1 /Applications/MAMP/htdocs/zp_rangpur_web_class/class_35/system/Autoloader/Autoloader.php(228): CodeIgniter\Autoloader\Autoloader->loadInNamespace('App\\Controllers...')
#2 [internal function]: CodeIgniter\Autoloader\Autoloader->loadClass('App\\Controllers...')
#3 [internal function]: spl_autoload_call('App\\Controllers...')
#4 /Applications/MAMP/htdocs/zp_rangpur_web_class/class_35/system/CodeIgniter.php(893): class_exists('\\App\\Controller...', true)
#5 /Applications/MAMP/htdocs/zp_rangpur_web_class/class_35/system/CodeIgniter.php(417): CodeIgniter\CodeIgniter->startController()
#6 /Applications/MAMP/htdocs/zp_rangpur_web_class/class_35/system/CodeIgniter.php(333): CodeIgniter\CodeIgniter->handleRequest(NULL, Object(Config\Cache), false)
#7 /Applications/MAMP/htdocs/zp_rangpur_web_class/class_35/public/index.php(44): CodeIgniter\CodeIgniter->run()
#8 {main}
CRITICAL - 2021-02-03 06:48:08 --> syntax error, unexpected '_' (T_STRING)
#0 /Applications/MAMP/htdocs/zp_rangpur_web_class/class_35/system/Autoloader/Autoloader.php(265): CodeIgniter\Autoloader\Autoloader->includeFile('/Applications/M...')
#1 /Applications/MAMP/htdocs/zp_rangpur_web_class/class_35/system/Autoloader/Autoloader.php(228): CodeIgniter\Autoloader\Autoloader->loadInNamespace('App\\Controllers...')
#2 [internal function]: CodeIgniter\Autoloader\Autoloader->loadClass('App\\Controllers...')
#3 [internal function]: spl_autoload_call('App\\Controllers...')
#4 /Applications/MAMP/htdocs/zp_rangpur_web_class/class_35/system/CodeIgniter.php(893): class_exists('\\App\\Controller...', true)
#5 /Applications/MAMP/htdocs/zp_rangpur_web_class/class_35/system/CodeIgniter.php(417): CodeIgniter\CodeIgniter->startController()
#6 /Applications/MAMP/htdocs/zp_rangpur_web_class/class_35/system/CodeIgniter.php(333): CodeIgniter\CodeIgniter->handleRequest(NULL, Object(Config\Cache), false)
#7 /Applications/MAMP/htdocs/zp_rangpur_web_class/class_35/public/index.php(44): CodeIgniter\CodeIgniter->run()
#8 {main}
CRITICAL - 2021-02-03 06:50:38 --> Undefined variable: _SESSION
#0 /Applications/MAMP/htdocs/zp_rangpur_web_class/class_35/app/Views/admin/layout.php(18): CodeIgniter\Debug\Exceptions->errorHandler(8, 'Undefined varia...', '/Applications/M...', 18, Array)
#1 /Applications/MAMP/htdocs/zp_rangpur_web_class/class_35/system/View/View.php(220): include('/Applications/M...')
#2 /Applications/MAMP/htdocs/zp_rangpur_web_class/class_35/system/View/View.php(222): CodeIgniter\View\View->CodeIgniter\View\{closure}()
#3 /Applications/MAMP/htdocs/zp_rangpur_web_class/class_35/system/Common.php(1217): CodeIgniter\View\View->render('admin/layout', Array, true)
#4 /Applications/MAMP/htdocs/zp_rangpur_web_class/class_35/app/Controllers/Admin/Slider.php(19): view('admin/layout', Array)
#5 /Applications/MAMP/htdocs/zp_rangpur_web_class/class_35/system/CodeIgniter.php(936): App\Controllers\Admin\Slider->index()
#6 /Applications/MAMP/htdocs/zp_rangpur_web_class/class_35/system/CodeIgniter.php(432): CodeIgniter\CodeIgniter->runController(Object(App\Controllers\Admin\Slider))
#7 /Applications/MAMP/htdocs/zp_rangpur_web_class/class_35/system/CodeIgniter.php(333): CodeIgniter\CodeIgniter->handleRequest(NULL, Object(Config\Cache), false)
#8 /Applications/MAMP/htdocs/zp_rangpur_web_class/class_35/public/index.php(44): CodeIgniter\CodeIgniter->run()
#9 {main}
CRITICAL - 2021-02-03 08:01:48 --> Undefined variable: products
#0 /Applications/MAMP/htdocs/zp_rangpur_web_class/class_35/app/Views/admin/page/list.php(24): CodeIgniter\Debug\Exceptions->errorHandler(8, 'Undefined varia...', '/Applications/M...', 24, Array)
#1 /Applications/MAMP/htdocs/zp_rangpur_web_class/class_35/system/View/View.php(220): include('/Applications/M...')
#2 /Applications/MAMP/htdocs/zp_rangpur_web_class/class_35/system/View/View.php(222): CodeIgniter\View\View->CodeIgniter\View\{closure}()
#3 /Applications/MAMP/htdocs/zp_rangpur_web_class/class_35/system/Common.php(1217): CodeIgniter\View\View->render('admin/page/list', Array, true)
#4 /Applications/MAMP/htdocs/zp_rangpur_web_class/class_35/app/Controllers/Admin/Page.php(18): view('admin/page/list', Array)
#5 /Applications/MAMP/htdocs/zp_rangpur_web_class/class_35/system/CodeIgniter.php(936): App\Controllers\Admin\Page->index()
#6 /Applications/MAMP/htdocs/zp_rangpur_web_class/class_35/system/CodeIgniter.php(432): CodeIgniter\CodeIgniter->runController(Object(App\Controllers\Admin\Page))
#7 /Applications/MAMP/htdocs/zp_rangpur_web_class/class_35/system/CodeIgniter.php(333): CodeIgniter\CodeIgniter->handleRequest(NULL, Object(Config\Cache), false)
#8 /Applications/MAMP/htdocs/zp_rangpur_web_class/class_35/public/index.php(44): CodeIgniter\CodeIgniter->run()
#9 {main}
CRITICAL - 2021-02-03 08:04:09 --> Undefined index: icon
#0 /Applications/MAMP/htdocs/zp_rangpur_web_class/class_35/app/Controllers/Admin/Page.php(64): CodeIgniter\Debug\Exceptions->errorHandler(8, 'Undefined index...', '/Applications/M...', 64, Array)
#1 /Applications/MAMP/htdocs/zp_rangpur_web_class/class_35/system/CodeIgniter.php(936): App\Controllers\Admin\Page->operation('1')
#2 /Applications/MAMP/htdocs/zp_rangpur_web_class/class_35/system/CodeIgniter.php(432): CodeIgniter\CodeIgniter->runController(Object(App\Controllers\Admin\Page))
#3 /Applications/MAMP/htdocs/zp_rangpur_web_class/class_35/system/CodeIgniter.php(333): CodeIgniter\CodeIgniter->handleRequest(NULL, Object(Config\Cache), false)
#4 /Applications/MAMP/htdocs/zp_rangpur_web_class/class_35/public/index.php(44): CodeIgniter\CodeIgniter->run()
#5 {main}
